
  .   ____          _            __ _ _
 /\\ / ___'_ __ _ _(_)_ __  __ _ \ \ \ \
( ( )\___ | '_ | '_| | '_ \/ _` | \ \ \ \
 \\/  ___)| |_)| | | | | || (_| |  ) ) ) )
  '  |____| .__|_| |_|_| |_\__, | / / / /
 =========|_|==============|___/=/_/_/_/

 :: Spring Boot ::                (v3.4.0)

2024-11-27T13:00:17.720+09:00  INFO 53952 --- [websock] [           main] com.shook.websock.WebsockApplicationKt   : Starting WebsockApplicationKt v0.0.1-SNAPSHOT using Java 21.0.4 with PID 53952 (/root/WebSocket/build/libs/websock-0.0.1-SNAPSHOT.jar started by root in /root/WebSocket)
2024-11-27T13:00:17.730+09:00  INFO 53952 --- [websock] [           main] com.shook.websock.WebsockApplicationKt   : No active profile set, falling back to 1 default profile: "default"
2024-11-27T13:00:19.422+09:00  INFO 53952 --- [websock] [           main] o.s.b.w.embedded.tomcat.TomcatWebServer  : Tomcat initialized with port 8080 (http)
2024-11-27T13:00:19.438+09:00  INFO 53952 --- [websock] [           main] o.apache.catalina.core.StandardService   : Starting service [Tomcat]
2024-11-27T13:00:19.439+09:00  INFO 53952 --- [websock] [           main] o.apache.catalina.core.StandardEngine    : Starting Servlet engine: [Apache Tomcat/10.1.33]
2024-11-27T13:00:19.474+09:00  INFO 53952 --- [websock] [           main] o.a.c.c.C.[Tomcat].[localhost].[/]       : Initializing Spring embedded WebApplicationContext
2024-11-27T13:00:19.476+09:00  INFO 53952 --- [websock] [           main] w.s.c.ServletWebServerApplicationContext : Root WebApplicationContext: initialization completed in 1628 ms
2024-11-27T13:00:20.556+09:00  INFO 53952 --- [websock] [           main] o.s.b.w.embedded.tomcat.TomcatWebServer  : Tomcat started on port 8080 (http) with context path '/'
2024-11-27T13:00:20.573+09:00  INFO 53952 --- [websock] [           main] com.shook.websock.WebsockApplicationKt   : Started WebsockApplicationKt in 3.64 seconds (process running for 4.356)
2024-11-27T13:00:22.424+09:00  INFO 53952 --- [websock] [nio-8080-exec-1] o.a.c.c.C.[Tomcat].[localhost].[/]       : Initializing Spring DispatcherServlet 'dispatcherServlet'
2024-11-27T13:00:22.424+09:00  INFO 53952 --- [websock] [nio-8080-exec-1] o.s.web.servlet.DispatcherServlet        : Initializing Servlet 'dispatcherServlet'
2024-11-27T13:00:22.427+09:00  INFO 53952 --- [websock] [nio-8080-exec-1] o.s.web.servlet.DispatcherServlet        : Completed initialization in 2 ms
2024-11-27T13:00:23.717+09:00  INFO 53952 --- [websock] [nio-8080-exec-1] o.springdoc.api.AbstractOpenApiResource  : Init duration for springdoc-openapi is: 899 ms
2024-11-27T13:00:30.609+09:00  WARN 53952 --- [websock] [nio-8080-exec-7] o.s.web.servlet.PageNotFound             : No mapping for GET /favicon-32x32.png
2024-11-27T13:00:30.611+09:00  WARN 53952 --- [websock] [nio-8080-exec-7] o.s.web.servlet.PageNotFound             : No endpoint GET /favicon-32x32.png.
